<?xml version="1.0" encoding="UTF-8"?>
<!-- Generated by org.testng.reporters.JUnitReportReporter -->
<testsuite hostname="zbook" failures="0" tests="5" name="com.nopcommerce.demo.testsuite.ComputerPageTest" time="30.191" errors="0" timestamp="2023-12-12T12:02:20 GMT" skipped="0">
  <testcase classname="com.nopcommerce.demo.testsuite.ComputerPageTest" name="verifyUserShouldNavigateToComputerPageSuccessfully" time="3.240"/>
  <testcase classname="com.nopcommerce.demo.testsuite.ComputerPageTest" name="verifyUserShouldNavigateToDesktopsPageSuccessfully" time="3.713"/>
  <testcase classname="com.nopcommerce.demo.testsuite.ComputerPageTest" name="verifyThatUserShouldBuildYourOwnComputerAndAddToCartSuccessfully" time="7.817"/>
  <testcase classname="com.nopcommerce.demo.testsuite.ComputerPageTest" name="verifyThatUserShouldBuildYourOwnComputerAndAddToCartSuccessfully" time="7.222"/>
  <testcase classname="com.nopcommerce.demo.testsuite.ComputerPageTest" name="verifyThatUserShouldBuildYourOwnComputerAndAddToCartSuccessfully" time="8.199"/>
</testsuite> <!-- com.nopcommerce.demo.testsuite.ComputerPageTest -->
